F...........
======================================================================
FAIL: test_print_empty_name (__main__.TestCommandline)
----------------------------------------------------------------------
Traceback (most recent call last):
  File "/home/furkan/csc209-w19/grading/mark_a2/marking_scripts/test_helpers.py", line 190, in _t
    self.assertEqual(stdout, expected_stdout)
AssertionError: '' != '29531\n'
+ 29531


----------------------------------------------------------------------
Ran 12 tests in 0.119s

FAILED (failures=1)
